<?xml version="1.0" encoding="UTF-8"?>
<testng-results skipped="0" failed="1" ignored="0" total="2" passed="1">
  <reporter-output>
  </reporter-output>
  <suite name="Default suite" duration-ms="59885" started-at="2020-06-12T12:31:46 IST" finished-at="2020-06-12T12:32:46 IST">
    <groups>
      <group name="cucumber">
        <method signature="AbstractTestNGCucumberTests.runScenario(io.cucumber.testng.PickleWrapper, io.cucumber.testng.FeatureWrapper)[pri:0, instance:runners.RunnerOfPatient@556333]" name="runScenario" class="io.cucumber.testng.AbstractTestNGCucumberTests"/>
      </group> <!-- cucumber -->
    </groups>
    <test name="Default test" duration-ms="59885" started-at="2020-06-12T12:31:46 IST" finished-at="2020-06-12T12:32:46 IST">
      <class name="runners.RunnerOfPatient">
        <test-method status="PASS" signature="setUpClass()[pri:0, instance:runners.RunnerOfPatient@556333]" name="setUpClass" is-config="true" duration-ms="236" started-at="2020-06-12T12:31:46 IST" finished-at="2020-06-12T12:31:46 IST">
          <reporter-output>
          </reporter-output>
        </test-method> <!-- setUpClass -->
        <test-method status="PASS" signature="runScenario(io.cucumber.testng.PickleWrapper, io.cucumber.testng.FeatureWrapper)[pri:0, instance:runners.RunnerOfPatient@556333]" name="runScenario" duration-ms="32914" started-at="2020-06-12T12:31:46 IST" description="Runs Cucumber Scenarios" data-provider="scenarios" finished-at="2020-06-12T12:32:19 IST">
          <params>
            <param index="0">
              <value>
                <![CDATA["Verify user is able to play video through education menu"]]>
              </value>
            </param>
            <param index="1">
              <value>
                <![CDATA["To Test Feature of DaVita Application With Patient User"]]>
              </value>
            </param>
          </params>
          <reporter-output>
          </reporter-output>
        </test-method> <!-- runScenario -->
        <test-method status="FAIL" signature="runScenario(io.cucumber.testng.PickleWrapper, io.cucumber.testng.FeatureWrapper)[pri:0, instance:runners.RunnerOfPatient@556333]" name="runScenario" duration-ms="26604" started-at="2020-06-12T12:32:19 IST" description="Runs Cucumber Scenarios" data-provider="scenarios" finished-at="2020-06-12T12:32:45 IST">
          <params>
            <param index="0">
              <value>
                <![CDATA["Verify user is able to play video through Entertainment menu"]]>
              </value>
            </param>
            <param index="1">
              <value>
                <![CDATA["To Test Feature of DaVita Application With Patient User"]]>
              </value>
            </param>
          </params>
          <exception class="org.openqa.selenium.NoSuchElementException">
            <message>
              <![CDATA[no such element: Unable to locate element: {"method":"css selector","selector":"app-task-list section h2"}
  (Session info: chrome=83.0.4103.97)
For documentation on this error, please visit: https://www.seleniumhq.org/exceptions/no_such_element.html
Build info: version: '3.141.59', revision: 'e82be7d358', time: '2018-11-14T08:17:03'
System info: host: 'MW-LT-076', ip: '192.168.43.190', os.name: 'Windows 8.1', os.arch: 'x86', os.version: '6.3', java.version: '1.8.0_40'
Driver info: org.openqa.selenium.chrome.ChromeDriver
Capabilities {acceptInsecureCerts: false, browserName: chrome, browserVersion: 83.0.4103.97, chrome: {chromedriverVersion: 83.0.4103.39 (ccbf011cb2d2b..., userDataDir: C:\Users\NAUSHA~1.ALA\AppDa...}, goog:chromeOptions: {debuggerAddress: localhost:49945}, javascriptEnabled: true, networkConnectionEnabled: false, pageLoadStrategy: normal, platform: WINDOWS, platformName: WINDOWS, proxy: Proxy(), setWindowRect: true, strictFileInteractability: false, timeouts: {implicit: 0, pageLoad: 300000, script: 30000}, unhandledPromptBehavior: dismiss and notify, webauthn:virtualAuthenticators: true}
Session ID: 374337c55be262dba9c478be1023b7fd
*** Element info: {Using=css selector, value=app-task-list section h2}]]>
            </message>
            <full-stacktrace>
              <![CDATA[org.openqa.selenium.NoSuchElementException: no such element: Unable to locate element: {"method":"css selector","selector":"app-task-list section h2"}
  (Session info: chrome=83.0.4103.97)
For documentation on this error, please visit: https://www.seleniumhq.org/exceptions/no_such_element.html
Build info: version: '3.141.59', revision: 'e82be7d358', time: '2018-11-14T08:17:03'
System info: host: 'MW-LT-076', ip: '192.168.43.190', os.name: 'Windows 8.1', os.arch: 'x86', os.version: '6.3', java.version: '1.8.0_40'
Driver info: org.openqa.selenium.chrome.ChromeDriver
Capabilities {acceptInsecureCerts: false, browserName: chrome, browserVersion: 83.0.4103.97, chrome: {chromedriverVersion: 83.0.4103.39 (ccbf011cb2d2b..., userDataDir: C:\Users\NAUSHA~1.ALA\AppDa...}, goog:chromeOptions: {debuggerAddress: localhost:49945}, javascriptEnabled: true, networkConnectionEnabled: false, pageLoadStrategy: normal, platform: WINDOWS, platformName: WINDOWS, proxy: Proxy(), setWindowRect: true, strictFileInteractability: false, timeouts: {implicit: 0, pageLoad: 300000, script: 30000}, unhandledPromptBehavior: dismiss and notify, webauthn:virtualAuthenticators: true}
Session ID: 374337c55be262dba9c478be1023b7fd
*** Element info: {Using=css selector, value=app-task-list section h2}
at sun.reflect.NativeConstructorAccessorImpl.newInstance0(Native Method)
at sun.reflect.NativeConstructorAccessorImpl.newInstance(NativeConstructorAccessorImpl.java:62)
at sun.reflect.DelegatingConstructorAccessorImpl.newInstance(DelegatingConstructorAccessorImpl.java:45)
at java.lang.reflect.Constructor.newInstance(Constructor.java:422)
at org.openqa.selenium.remote.http.W3CHttpResponseCodec.createException(W3CHttpResponseCodec.java:187)
at org.openqa.selenium.remote.http.W3CHttpResponseCodec.decode(W3CHttpResponseCodec.java:122)
at org.openqa.selenium.remote.http.W3CHttpResponseCodec.decode(W3CHttpResponseCodec.java:49)
at org.openqa.selenium.remote.HttpCommandExecutor.execute(HttpCommandExecutor.java:158)
at org.openqa.selenium.remote.service.DriverCommandExecutor.execute(DriverCommandExecutor.java:83)
at org.openqa.selenium.remote.RemoteWebDriver.execute(RemoteWebDriver.java:552)
at org.openqa.selenium.remote.RemoteWebDriver.findElement(RemoteWebDriver.java:323)
at org.openqa.selenium.remote.RemoteWebDriver.findElementByCssSelector(RemoteWebDriver.java:420)
at org.openqa.selenium.By$ByCssSelector.findElement(By.java:431)
at org.openqa.selenium.remote.RemoteWebDriver.findElement(RemoteWebDriver.java:315)
at org.openqa.selenium.support.pagefactory.DefaultElementLocator.findElement(DefaultElementLocator.java:69)
at org.openqa.selenium.support.pagefactory.internal.LocatingElementHandler.invoke(LocatingElementHandler.java:38)
at com.sun.proxy.$Proxy19.getText(Unknown Source)
at pageObjects.PatientPage.patientDashboardText(PatientPage.java:57)
at stepDefinitions.PatientUser.user_should_be_logged_in_successfully(PatientUser.java:57)
at ✽.user should be logged in successfully(file:///C:/Users/naushad.alam/eclipse-workspace/Cucumber/./src/test/resources/functionalTests/Patient.feature:7)
]]>
            </full-stacktrace>
          </exception> <!-- org.openqa.selenium.NoSuchElementException -->
          <reporter-output>
          </reporter-output>
        </test-method> <!-- runScenario -->
        <test-method status="PASS" signature="tearDownClass()[pri:0, instance:runners.RunnerOfPatient@556333]" name="tearDownClass" is-config="true" duration-ms="95" started-at="2020-06-12T12:32:45 IST" finished-at="2020-06-12T12:32:46 IST">
          <reporter-output>
          </reporter-output>
        </test-method> <!-- tearDownClass -->
      </class> <!-- runners.RunnerOfPatient -->
    </test> <!-- Default test -->
  </suite> <!-- Default suite -->
</testng-results>
