<?xml version="1.0" encoding="UTF-8"?>
<!-- Generated by org.testng.reporters.JUnitReportReporter -->
<testsuite skipped="0" hostname="MW-LT-076" name="runners.RunnerOfAdmin" tests="1" failures="0" timestamp="2020-06-11T23:30:54 IST" time="0.228" errors="1">
  <testcase name="runScenario" time="0.228" classname="runners.RunnerOfAdmin">
    <error type="java.lang.NullPointerException">
      <![CDATA[java.lang.NullPointerException
at org.openqa.selenium.support.pagefactory.DefaultElementLocator.findElement(DefaultElementLocator.java:69)
at org.openqa.selenium.support.pagefactory.internal.LocatingElementHandler.invoke(LocatingElementHandler.java:38)
at com.sun.proxy.$Proxy19.click(Unknown Source)
at pageObjects.LoginPage.loginWithAdmin(LoginPage.java:91)
at stepDefinitions.AdminUser.user_submit_username_and_password_under_admin(AdminUser.java:36)
at ✽.user submit username and password under admin(file:///C:/Users/naushad.alam/eclipse-workspace/Cucumber/./src/test/resources/functionalTests/admin.feature:5)
]]>
    </error>
  </testcase> <!-- runScenario -->
  <system-out/>
</testsuite> <!-- runners.RunnerOfAdmin -->
